TN:
SF:/home/guilherme/Documentos/trybe-exercicios/02-Front_End/14-Testes_automatizados_com_React_Testing_Library/dia_02-RTL_Mock_e_Inputs/exercicios/exercise-digimon-finders/src/App.js
FN:6,(anonymous_0)
FN:14,(anonymous_1)
FN:15,(anonymous_2)
FN:21,(anonymous_3)
FN:25,(anonymous_4)
FN:26,(anonymous_5)
FN:26,(anonymous_6)
FN:35,(anonymous_7)
FN:44,(anonymous_8)
FNF:9
FNH:9
FNDA:1,(anonymous_0)
FNDA:6,(anonymous_1)
FNDA:6,(anonymous_2)
FNDA:1,(anonymous_3)
FNDA:1,(anonymous_4)
FNDA:1,(anonymous_5)
FNDA:1,(anonymous_6)
FNDA:8,(anonymous_7)
FNDA:6,(anonymous_8)
DA:7,1
DA:8,1
DA:10,1
DA:11,1
DA:15,6
DA:22,1
DA:23,1
DA:24,1
DA:25,1
DA:26,1
DA:36,8
DA:37,8
DA:44,6
LF:13
LH:13
BRDA:23,0,0,1
BRDA:23,0,1,0
BRDA:56,1,0,1
BRDA:56,1,1,7
BRDA:56,2,0,8
BRDA:56,2,1,1
BRDA:58,3,0,7
BRDA:58,3,1,7
BRF:8
BRH:7
end_of_record
TN:
SF:/home/guilherme/Documentos/trybe-exercicios/02-Front_End/14-Testes_automatizados_com_React_Testing_Library/dia_02-RTL_Mock_e_Inputs/exercicios/exercise-digimon-finders/src/Digimon.js
FN:4,(anonymous_0)
FNF:1
FNH:1
FNDA:2,(anonymous_0)
DA:4,2
DA:5,2
DA:14,2
LF:3
LH:3
BRF:0
BRH:0
end_of_record
